<?xml version="1.0" encoding="UTF-8"?>
<testng-results ignored="0" total="6" passed="6" failed="0" skipped="0">
  <reporter-output>
  </reporter-output>
  <suite started-at="2018-05-20T06:51:45Z" name="Suite" finished-at="2018-05-20T06:53:33Z" duration-ms="108421">
    <groups>
    </groups>
    <test started-at="2018-05-20T06:51:45Z" name="Test2" finished-at="2018-05-20T06:52:14Z" duration-ms="28766">
      <class name="com.tests.NewTest">
        <test-method is-config="true" signature="beforeTest(java.lang.String)[pri:0, instance:com.tests.NewTest@3571b748]" started-at="2018-05-20T06:51:45Z" name="beforeTest" finished-at="2018-05-20T06:51:55Z" duration-ms="10256" status="PASS">
          <params>
            <param index="0">
              <value>
                <![CDATA[chrome]]>
              </value>
            </param>
          </params>
          <reporter-output>
          </reporter-output>
        </test-method> <!-- beforeTest -->
        <test-method signature="testMercuryToursWelcome()[pri:1, instance:com.tests.NewTest@3571b748]" started-at="2018-05-20T06:51:55Z" name="testMercuryToursWelcome" finished-at="2018-05-20T06:52:05Z" duration-ms="10097" status="PASS">
          <reporter-output>
          </reporter-output>
        </test-method> <!-- testMercuryToursWelcome -->
        <test-method signature="testMercuryToursRegister()[pri:2, instance:com.tests.NewTest@3571b748]" started-at="2018-05-20T06:52:05Z" name="testMercuryToursRegister" finished-at="2018-05-20T06:52:09Z" duration-ms="3905" status="PASS">
          <reporter-output>
          </reporter-output>
        </test-method> <!-- testMercuryToursRegister -->
        <test-method signature="testMercuryToursLogin()[pri:3, instance:com.tests.NewTest@3571b748]" started-at="2018-05-20T06:52:09Z" name="testMercuryToursLogin" finished-at="2018-05-20T06:52:13Z" duration-ms="4386" status="PASS">
          <reporter-output>
          </reporter-output>
        </test-method> <!-- testMercuryToursLogin -->
        <test-method is-config="true" signature="afterTest()[pri:0, instance:com.tests.NewTest@3571b748]" started-at="2018-05-20T06:52:13Z" name="afterTest" finished-at="2018-05-20T06:52:14Z" duration-ms="88" status="PASS">
          <reporter-output>
          </reporter-output>
        </test-method> <!-- afterTest -->
      </class> <!-- com.tests.NewTest -->
    </test> <!-- Test2 -->
    <test started-at="2018-05-20T06:51:45Z" name="Test1" finished-at="2018-05-20T06:53:33Z" duration-ms="108421">
      <class name="com.tests.NewTest">
        <test-method is-config="true" signature="beforeTest(java.lang.String)[pri:0, instance:com.tests.NewTest@63070bab]" started-at="2018-05-20T06:51:45Z" name="beforeTest" finished-at="2018-05-20T06:52:48Z" duration-ms="63566" status="PASS">
          <params>
            <param index="0">
              <value>
                <![CDATA[firefox]]>
              </value>
            </param>
          </params>
          <reporter-output>
          </reporter-output>
        </test-method> <!-- beforeTest -->
        <test-method signature="testMercuryToursWelcome()[pri:1, instance:com.tests.NewTest@63070bab]" started-at="2018-05-20T06:52:48Z" name="testMercuryToursWelcome" finished-at="2018-05-20T06:53:06Z" duration-ms="17426" status="PASS">
          <reporter-output>
          </reporter-output>
        </test-method> <!-- testMercuryToursWelcome -->
        <test-method signature="testMercuryToursRegister()[pri:2, instance:com.tests.NewTest@63070bab]" started-at="2018-05-20T06:53:06Z" name="testMercuryToursRegister" finished-at="2018-05-20T06:53:25Z" duration-ms="19395" status="PASS">
          <reporter-output>
          </reporter-output>
        </test-method> <!-- testMercuryToursRegister -->
        <test-method signature="testMercuryToursLogin()[pri:3, instance:com.tests.NewTest@63070bab]" started-at="2018-05-20T06:53:25Z" name="testMercuryToursLogin" finished-at="2018-05-20T06:53:29Z" duration-ms="4155" status="PASS">
          <reporter-output>
          </reporter-output>
        </test-method> <!-- testMercuryToursLogin -->
        <test-method is-config="true" signature="afterTest()[pri:0, instance:com.tests.NewTest@63070bab]" started-at="2018-05-20T06:53:29Z" name="afterTest" finished-at="2018-05-20T06:53:33Z" duration-ms="3876" status="PASS">
          <reporter-output>
          </reporter-output>
        </test-method> <!-- afterTest -->
      </class> <!-- com.tests.NewTest -->
    </test> <!-- Test1 -->
  </suite> <!-- Suite -->
</testng-results>
