<?xml version="1.0" encoding="UTF-8"?>
<!-- Generated by org.testng.reporters.JUnitXMLReporter -->
<testsuite ignored="0" hostname="BDC7-D-5W3NXH2" failures="0" tests="3" name="Test2" time="28.766" errors="0" timestamp="20 May 2018 06:52:14 GMT">
  <testcase classname="com.tests.NewTest" name="testMercuryToursWelcome" time="10.097"/>
  <testcase classname="com.tests.NewTest" name="testMercuryToursRegister" time="3.905"/>
  <testcase classname="com.tests.NewTest" name="testMercuryToursLogin" time="4.386"/>
</testsuite> <!-- Test2 -->
