<?xml version="1.0" encoding="UTF-8"?>
<!-- Generated by org.testng.reporters.JUnitXMLReporter -->
<testsuite ignored="0" hostname="BDC7-D-5W3NXH2" failures="0" tests="3" name="Test1" time="108.421" errors="0" timestamp="20 May 2018 06:53:33 GMT">
  <testcase classname="com.tests.NewTest" name="testMercuryToursWelcome" time="17.426"/>
  <testcase classname="com.tests.NewTest" name="testMercuryToursRegister" time="19.395"/>
  <testcase classname="com.tests.NewTest" name="testMercuryToursLogin" time="4.155"/>
</testsuite> <!-- Test1 -->
